<?xml version="1.0" encoding="UTF-8"?>
<!-- Generated by org.testng.reporters.JUnitXMLReporter -->
<testsuite ignored="0" hostname="CeridianC6xGlim" failures="0" tests="10" name="Default test" time="25.411" errors="0" timestamp="2025-04-02T16:13:23 IST">
  <testcase classname="tests.LoginTest" name="InvalidLogin" time="1.796"/>
  <testcase classname="tests.LoginTest" name="BlankLogin" time="1.901"/>
  <testcase classname="tests.LoginTest" name="ValidLogin" time="3.011"/>
  <testcase classname="tests.RegisterPatientTest" name="NavigateToRegister" time="5.746"/>
  <testcase classname="tests.RegisterPatientTest" name="EnterName" time="0.262"/>
  <testcase classname="tests.RegisterPatientTest" name="SelectGender" time="0.225"/>
  <testcase classname="tests.RegisterPatientTest" name="EnterDob" time="0.539"/>
  <testcase classname="tests.RegisterPatientTest" name="EnterAddress" time="0.191"/>
  <testcase classname="tests.RegisterPatientTest" name="EnterNumber" time="0.331"/>
  <testcase classname="tests.RegisterPatientTest" name="ValidateSuccess" time="0.002"/>
</testsuite> <!-- Default test -->
